<?xml version="1.0" encoding="UTF-8"?>
<!-- Generated by org.testng.reporters.JUnitReportReporter -->
<testsuite hostname="DESKTOP-76O5QF6" failures="0" tests="1" name="Excel_Class" time="1.182" errors="0" timestamp="9 Aug 2021 05:30:26 GMT">
  <testcase classname="Excel_Class" name="Excel" time="1.182"/>
</testsuite> <!-- Excel_Class -->
